0 info it worked if it ends with ok
1 verbose cli [ '/home/manisha/.nvm/versions/node/v6.3.1/bin/node',
1 verbose cli   '/home/manisha/.nvm/versions/node/v6.3.1/bin/npm',
1 verbose cli   'start' ]
2 info using npm@3.10.5
3 info using node@v6.3.1
4 verbose run-script [ 'prestart', 'start', 'poststart' ]
5 info lifecycle angular2-quickstart@1.0.0~prestart: angular2-quickstart@1.0.0
6 silly lifecycle angular2-quickstart@1.0.0~prestart: no script for prestart, continuing
7 info lifecycle angular2-quickstart@1.0.0~start: angular2-quickstart@1.0.0
8 verbose lifecycle angular2-quickstart@1.0.0~start: unsafe-perm in lifecycle true
9 verbose lifecycle angular2-quickstart@1.0.0~start: PATH: /home/manisha/.nvm/versions/node/v6.3.1/lib/node_modules/npm/bin/node-gyp-bin:/home/manisha/manisha/hiwi/git/angular2-tour/node_modules/.bin:/home/manisha/.nvm/versions/node/v6.3.1/bin:/home/manisha/.nvm/versions/node/v6.3.1/bin:/home/manisha/.sdkman/grails/current/bin:/home/manisha/.gvm/vertx/current/bin:/home/manisha/.gvm/springboot/current/bin:/home/manisha/.gvm/lazybones/current/bin:/home/manisha/.gvm/jbake/current/bin:/home/manisha/.gvm/groovyserv/current/bin:/home/manisha/.gvm/groovy/current/bin:/home/manisha/.gvm/griffon/current/bin:/home/manisha/.gvm/grails/current/bin:/home/manisha/.gvm/gradle/current/bin:/home/manisha/.gvm/glide/current/bin:/home/manisha/.gvm/gaiden/current/bin:/home/manisha/.gvm/crash/current/bin:/home/manisha/.gvm/asciidoctorj/current/bin:/usr/local/sbin:/usr/local/bin:/usr/sbin:/usr/bin:/sbin:/bin:/usr/games:/usr/local/games:/usr/lib/jvm/java-8-oracle/bin:/usr/lib/jvm/java-8-oracle/db/bin:/usr/lib/jvm/java-8-oracle/jre/bin:/home/manisha/Downloads/android-ndk-r10c:/home/manisha/android-sdk-linux/tools:/home/manisha/android-sdk-linux/platform-tools:/home/manisha/manisha/hiwi/hiwi/OpenCV/opencv-2.4.9/build/bin:/home/manisha/manisha/hiwi/hiwi/OpenCV/opencv-2.4.9/build/lib:/home/manisha/manisha/hiwi/hiwi/OpenCV/opencv-3-0.0/opencv-3.0.0-rc1/build/bin:/home/manisha/manisha/hiwi/hiwi/OpenCV/opencv-3-0.0/opencv-3.0.0-rc1/build/lib:/usr/local/include/opencv:/usr/local/include/opencv2:/home/manisha/.gvm/groovy/current/bin/:/usr/bin/cppcheck
10 verbose lifecycle angular2-quickstart@1.0.0~start: CWD: /home/manisha/manisha/hiwi/git/angular2-tour
11 silly lifecycle angular2-quickstart@1.0.0~start: Args: [ '-c', 'tsc && concurrently "tsc -w" "lite-server" ' ]
12 silly lifecycle angular2-quickstart@1.0.0~start: Returned: code: 2  signal: null
13 info lifecycle angular2-quickstart@1.0.0~start: Failed to exec start script
14 verbose stack Error: angular2-quickstart@1.0.0 start: `tsc && concurrently "tsc -w" "lite-server" `
14 verbose stack Exit status 2
14 verbose stack     at EventEmitter.<anonymous> (/home/manisha/.nvm/versions/node/v6.3.1/lib/node_modules/npm/lib/utils/lifecycle.js:242:16)
14 verbose stack     at emitTwo (events.js:106:13)
14 verbose stack     at EventEmitter.emit (events.js:191:7)
14 verbose stack     at ChildProcess.<anonymous> (/home/manisha/.nvm/versions/node/v6.3.1/lib/node_modules/npm/lib/utils/spawn.js:40:14)
14 verbose stack     at emitTwo (events.js:106:13)
14 verbose stack     at ChildProcess.emit (events.js:191:7)
14 verbose stack     at maybeClose (internal/child_process.js:852:16)
14 verbose stack     at Process.ChildProcess._handle.onexit (internal/child_process.js:215:5)
15 verbose pkgid angular2-quickstart@1.0.0
16 verbose cwd /home/manisha/manisha/hiwi/git/angular2-tour
17 error Linux 3.19.0-26-generic
18 error argv "/home/manisha/.nvm/versions/node/v6.3.1/bin/node" "/home/manisha/.nvm/versions/node/v6.3.1/bin/npm" "start"
19 error node v6.3.1
20 error npm  v3.10.5
21 error code ELIFECYCLE
22 error angular2-quickstart@1.0.0 start: `tsc && concurrently "tsc -w" "lite-server" `
22 error Exit status 2
23 error Failed at the angular2-quickstart@1.0.0 start script 'tsc && concurrently "tsc -w" "lite-server" '.
23 error Make sure you have the latest version of node.js and npm installed.
23 error If you do, this is most likely a problem with the angular2-quickstart package,
23 error not with npm itself.
23 error Tell the author that this fails on your system:
23 error     tsc && concurrently "tsc -w" "lite-server"
23 error You can get information on how to open an issue for this project with:
23 error     npm bugs angular2-quickstart
23 error Or if that isn't available, you can get their info via:
23 error     npm owner ls angular2-quickstart
23 error There is likely additional logging output above.
24 verbose exit [ 1, true ]
